[0.673s] Invoking command in '/home/ros_user/ros2_ws/build/ros2_course': PYTHONPATH=/home/ros_user/ros2_ws/build/ros2_course/prefix_override:/home/ros_user/ros2_ws/install/ros2_course/lib/python3.10/site-packages:${PYTHONPATH} /usr/bin/python3 setup.py develop --editable --build-directory /home/ros_user/ros2_ws/build/ros2_course/build --no-deps install_data
[0.929s] running develop
[0.929s] /usr/lib/python3/dist-packages/setuptools/command/easy_install.py:158: EasyInstallDeprecationWarning: easy_install command is deprecated. Use build and pip and other standards-based tools.
[0.929s]   warnings.warn(
[0.930s] /usr/lib/python3/dist-packages/setuptools/command/install.py:34: SetuptoolsDeprecationWarning: setup.py install is deprecated. Use build and pip and other standards-based tools.
[0.930s]   warnings.warn(
[1.066s] running egg_info
[1.067s] writing ros2_course.egg-info/PKG-INFO
[1.067s] writing dependency_links to ros2_course.egg-info/dependency_links.txt
[1.070s] writing entry points to ros2_course.egg-info/entry_points.txt
[1.071s] writing requirements to ros2_course.egg-info/requires.txt
[1.072s] writing top-level names to ros2_course.egg-info/top_level.txt
[1.074s] reading manifest file 'ros2_course.egg-info/SOURCES.txt'
[1.074s] writing manifest file 'ros2_course.egg-info/SOURCES.txt'
[1.076s] running build_ext
[1.076s] Creating /home/ros_user/ros2_ws/install/ros2_course/lib/python3.10/site-packages/ros2-course.egg-link (link to .)
[1.078s] Installing hello script to /home/ros_user/ros2_ws/install/ros2_course/lib/ros2_course
[1.078s] Installing turtlesim_controller script to /home/ros_user/ros2_ws/install/ros2_course/lib/ros2_course
[1.078s] 
[1.078s] Installed /home/ros_user/ros2_ws/build/ros2_course
[1.078s] running install_data
[1.105s] Invoked command in '/home/ros_user/ros2_ws/build/ros2_course' returned '0': PYTHONPATH=/home/ros_user/ros2_ws/build/ros2_course/prefix_override:/home/ros_user/ros2_ws/install/ros2_course/lib/python3.10/site-packages:${PYTHONPATH} /usr/bin/python3 setup.py develop --editable --build-directory /home/ros_user/ros2_ws/build/ros2_course/build --no-deps install_data
