[0.615s] Invoking command in '/home/ros_user/ros2_ws/build/ros2_course': PYTHONPATH=/home/ros_user/ros2_ws/build/ros2_course/prefix_override:/home/ros_user/ros2_ws/install/ros2_course/lib/python3.10/site-packages:${PYTHONPATH} /usr/bin/python3 setup.py develop --editable --build-directory /home/ros_user/ros2_ws/build/ros2_course/build --no-deps install_data
[0.854s] running develop
[0.855s] /usr/lib/python3/dist-packages/setuptools/command/easy_install.py:158: EasyInstallDeprecationWarning: easy_install command is deprecated. Use build and pip and other standards-based tools.
[0.855s]   warnings.warn(
[0.856s] /usr/lib/python3/dist-packages/setuptools/command/install.py:34: SetuptoolsDeprecationWarning: setup.py install is deprecated. Use build and pip and other standards-based tools.
[0.856s]   warnings.warn(
[1.005s] running egg_info
[1.005s] writing ros2_course.egg-info/PKG-INFO
[1.007s] writing dependency_links to ros2_course.egg-info/dependency_links.txt
[1.007s] writing entry points to ros2_course.egg-info/entry_points.txt
[1.007s] writing requirements to ros2_course.egg-info/requires.txt
[1.007s] writing top-level names to ros2_course.egg-info/top_level.txt
[1.008s] reading manifest file 'ros2_course.egg-info/SOURCES.txt'
[1.009s] writing manifest file 'ros2_course.egg-info/SOURCES.txt'
[1.010s] running build_ext
[1.010s] Creating /home/ros_user/ros2_ws/install/ros2_course/lib/python3.10/site-packages/ros2-course.egg-link (link to .)
[1.011s] Installing hello script to /home/ros_user/ros2_ws/install/ros2_course/lib/ros2_course
[1.011s] Installing turtlesim_controller script to /home/ros_user/ros2_ws/install/ros2_course/lib/ros2_course
[1.012s] 
[1.012s] Installed /home/ros_user/ros2_ws/build/ros2_course
[1.012s] running install_data
[1.042s] Invoked command in '/home/ros_user/ros2_ws/build/ros2_course' returned '0': PYTHONPATH=/home/ros_user/ros2_ws/build/ros2_course/prefix_override:/home/ros_user/ros2_ws/install/ros2_course/lib/python3.10/site-packages:${PYTHONPATH} /usr/bin/python3 setup.py develop --editable --build-directory /home/ros_user/ros2_ws/build/ros2_course/build --no-deps install_data
