[0.522s] Invoking command in '/home/ros_user/ros2_ws/build/ros2_course': PYTHONPATH=/home/ros_user/ros2_ws/build/ros2_course/prefix_override:/home/ros_user/ros2_ws/install/ros2_course/lib/python3.10/site-packages:${PYTHONPATH} /usr/bin/python3 setup.py develop --editable --build-directory /home/ros_user/ros2_ws/build/ros2_course/build --no-deps install_data
[0.749s] running develop
[0.750s] /usr/lib/python3/dist-packages/setuptools/command/easy_install.py:158: EasyInstallDeprecationWarning: easy_install command is deprecated. Use build and pip and other standards-based tools.
[0.750s]   warnings.warn(
[0.751s] /usr/lib/python3/dist-packages/setuptools/command/install.py:34: SetuptoolsDeprecationWarning: setup.py install is deprecated. Use build and pip and other standards-based tools.
[0.751s]   warnings.warn(
[0.954s] running egg_info
[0.956s] writing ros2_course.egg-info/PKG-INFO
[0.960s] writing dependency_links to ros2_course.egg-info/dependency_links.txt
[0.961s] writing entry points to ros2_course.egg-info/entry_points.txt
[0.962s] writing requirements to ros2_course.egg-info/requires.txt
[0.963s] writing top-level names to ros2_course.egg-info/top_level.txt
[0.966s] reading manifest file 'ros2_course.egg-info/SOURCES.txt'
[0.967s] writing manifest file 'ros2_course.egg-info/SOURCES.txt'
[0.969s] running build_ext
[0.970s] Creating /home/ros_user/ros2_ws/install/ros2_course/lib/python3.10/site-packages/ros2-course.egg-link (link to .)
[0.971s] Installing hello script to /home/ros_user/ros2_ws/install/ros2_course/lib/ros2_course
[0.972s] Installing turtlesim_controller script to /home/ros_user/ros2_ws/install/ros2_course/lib/ros2_course
[0.973s] 
[0.973s] Installed /home/ros_user/ros2_ws/build/ros2_course
[0.973s] running install_data
[1.036s] Invoked command in '/home/ros_user/ros2_ws/build/ros2_course' returned '0': PYTHONPATH=/home/ros_user/ros2_ws/build/ros2_course/prefix_override:/home/ros_user/ros2_ws/install/ros2_course/lib/python3.10/site-packages:${PYTHONPATH} /usr/bin/python3 setup.py develop --editable --build-directory /home/ros_user/ros2_ws/build/ros2_course/build --no-deps install_data
